<?xml version="1.0" encoding="UTF-8"?>
<testng-results ignored="0" total="1" passed="1" failed="0" skipped="0">
  <reporter-output>
  </reporter-output>
  <suite started-at="2023-06-25T18:43:29 BDT" name="Default suite" finished-at="2023-06-25T18:43:48 BDT" duration-ms="18509">
    <groups>
    </groups>
    <test started-at="2023-06-25T18:43:29 BDT" name="Default test" finished-at="2023-06-25T18:43:48 BDT" duration-ms="18509">
      <class name="com.it.bd.SelectMethodHandling">
        <test-method is-config="true" signature="start()[pri:0, instance:com.it.bd.SelectMethodHandling@53fb3dab]" started-at="2023-06-25T18:43:27 BDT" name="start" finished-at="2023-06-25T18:43:29 BDT" duration-ms="2155" status="PASS">
          <reporter-output>
          </reporter-output>
        </test-method> <!-- start -->
        <test-method signature="slectTest()[pri:0, instance:com.it.bd.SelectMethodHandling@53fb3dab]" started-at="2023-06-25T18:43:29 BDT" name="slectTest" finished-at="2023-06-25T18:43:48 BDT" duration-ms="18475" status="PASS">
          <reporter-output>
          </reporter-output>
        </test-method> <!-- slectTest -->
        <test-method is-config="true" signature="close()[pri:0, instance:com.it.bd.SelectMethodHandling@53fb3dab]" started-at="2023-06-25T18:43:48 BDT" name="close" finished-at="2023-06-25T18:43:48 BDT" duration-ms="133" status="PASS">
          <reporter-output>
          </reporter-output>
        </test-method> <!-- close -->
      </class> <!-- com.it.bd.SelectMethodHandling -->
    </test> <!-- Default test -->
  </suite> <!-- Default suite -->
</testng-results>
