<?xml version="1.0" encoding="UTF-8"?>
<testng-results ignored="0" total="1" passed="1" failed="0" skipped="0">
  <reporter-output>
  </reporter-output>
  <suite started-at="2023-07-02T13:38:52 BDT" name="Default suite" finished-at="2023-07-02T13:40:18 BDT" duration-ms="86806">
    <groups>
    </groups>
    <test started-at="2023-07-02T13:38:52 BDT" name="Default test" finished-at="2023-07-02T13:40:18 BDT" duration-ms="86806">
      <class name="com.it.bd.TabHandling">
        <test-method is-config="true" signature="start()[pri:0, instance:com.it.bd.TabHandling@53fb3dab]" started-at="2023-07-02T13:38:50 BDT" name="start" finished-at="2023-07-02T13:38:52 BDT" duration-ms="1625" status="PASS">
          <reporter-output>
          </reporter-output>
        </test-method> <!-- start -->
        <test-method signature="tabHandlingTest()[pri:0, instance:com.it.bd.TabHandling@53fb3dab]" started-at="2023-07-02T13:38:52 BDT" name="tabHandlingTest" finished-at="2023-07-02T13:40:18 BDT" duration-ms="86784" status="PASS">
          <reporter-output>
          </reporter-output>
        </test-method> <!-- tabHandlingTest -->
        <test-method is-config="true" signature="close()[pri:0, instance:com.it.bd.TabHandling@53fb3dab]" started-at="2023-07-02T13:40:18 BDT" name="close" finished-at="2023-07-02T13:40:19 BDT" duration-ms="55" status="PASS">
          <reporter-output>
          </reporter-output>
        </test-method> <!-- close -->
      </class> <!-- com.it.bd.TabHandling -->
    </test> <!-- Default test -->
  </suite> <!-- Default suite -->
</testng-results>
